[debug] [2020-10-24T02:49:41.388Z] ----------------------------------------------------------------------
[debug] [2020-10-24T02:49:41.391Z] Command:       /usr/bin/node /usr/bin/firebase emulators:start
[debug] [2020-10-24T02:49:41.391Z] CLI Version:   8.13.1
[debug] [2020-10-24T02:49:41.392Z] Platform:      linux
[debug] [2020-10-24T02:49:41.392Z] Node Version:  v12.18.2
[debug] [2020-10-24T02:49:41.402Z] Time:          Fri Oct 23 2020 21:49:41 GMT-0500 (Central Daylight Time)
[debug] [2020-10-24T02:49:41.402Z] ----------------------------------------------------------------------
[debug] [2020-10-24T02:49:41.403Z] 
[debug] [2020-10-24T02:49:41.414Z] > command requires scopes: ["email","openid","https://www.googleapis.com/auth/cloudplatformprojects.readonly","https://www.googleapis.com/auth/firebase","https://www.googleapis.com/auth/cloud-platform"]
[debug] [2020-10-24T02:49:41.415Z] > authorizing via signed-in user
[info] i  emulators: Starting emulators: functions, hosting {"metadata":{"emulator":{"name":"hub"},"message":"Starting emulators: functions, hosting"}}
[debug] [2020-10-24T02:49:41.439Z] [hub] writing locator at /tmp/hub-clone-b5e54.json
[warn] ⚠  functions: The following emulators are not running, calls to these services from the Functions emulator will affect production: auth, firestore, database, pubsub {"metadata":{"emulator":{"name":"functions"},"message":"The following emulators are not running, calls to these services from the Functions emulator will affect production: \u001b[1mauth, firestore, database, pubsub\u001b[22m"}}
[info] ✔  functions: Using node@12 from host. {"metadata":{"emulator":{"name":"functions"},"message":"Using node@12 from host."}}
[debug] [2020-10-24T02:49:41.495Z] defaultcredentials: writing to file /home/naguihw/.config/firebase/naguihw_gmail_com_application_default_credentials.json
[debug] [2020-10-24T02:49:41.499Z] Setting GAC to /home/naguihw/.config/firebase/naguihw_gmail_com_application_default_credentials.json {"metadata":{"emulator":{"name":"functions"},"message":"Setting GAC to /home/naguihw/.config/firebase/naguihw_gmail_com_application_default_credentials.json"}}
[debug] [2020-10-24T02:49:41.513Z] >>> HTTP REQUEST GET https://firebase.googleapis.com/v1beta1/projects/clone-b5e54/webApps/-/config  
 
[debug] [2020-10-24T02:49:42.348Z] <<< HTTP RESPONSE 200 {"content-type":"application/json; charset=UTF-8","vary":"X-Origin, Referer, Origin,Accept-Encoding","date":"Sat, 24 Oct 2020 02:49:41 GMT","server":"ESF","cache-control":"private","x-xss-protection":"0","x-frame-options":"SAMEORIGIN","x-content-type-options":"nosniff","alt-svc":"h3-Q050=\":443\"; ma=2592000,h3-29=\":443\"; ma=2592000,h3-T051=\":443\"; ma=2592000,h3-T050=\":443\"; ma=2592000,h3-Q046=\":443\"; ma=2592000,h3-Q043=\":443\"; ma=2592000,quic=\":443\"; ma=2592000; v=\"46,43\"","accept-ranges":"none","transfer-encoding":"chunked"}
[info] i  hosting: Serving hosting files from: build {"metadata":{"emulator":{"name":"hosting"},"message":"Serving hosting files from: \u001b[1mbuild\u001b[22m"}}
[info] ✔  hosting: Local server: http://localhost:5000 {"metadata":{"emulator":{"name":"hosting"},"message":"Local server: \u001b[4m\u001b[1mhttp://localhost:5000\u001b[22m\u001b[24m"}}
[debug] [2020-10-24T02:49:42.392Z] Ignoring unsupported arg: auto_download {"metadata":{"emulator":{"name":"ui"},"message":"Ignoring unsupported arg: auto_download"}}
[debug] [2020-10-24T02:49:42.392Z] Ignoring unsupported arg: port {"metadata":{"emulator":{"name":"ui"},"message":"Ignoring unsupported arg: port"}}
[debug] [2020-10-24T02:49:42.393Z] Starting Emulator UI with command {"binary":"node","args":["/home/naguihw/.cache/firebase/emulators/ui-v1.1.1/server.bundle.js"],"optionalArgs":[],"joinArgs":false} {"metadata":{"emulator":{"name":"ui"},"message":"Starting Emulator UI with command {\"binary\":\"node\",\"args\":[\"/home/naguihw/.cache/firebase/emulators/ui-v1.1.1/server.bundle.js\"],\"optionalArgs\":[],\"joinArgs\":false}"}}
[info] i  ui: Emulator UI logging to ui-debug.log {"metadata":{"emulator":{"name":"ui"},"message":"Emulator UI logging to \u001b[1mui-debug.log\u001b[22m"}}
[debug] [2020-10-24T02:49:42.531Z] Web / API server started at http://localhost:4000
 {"metadata":{"emulator":{"name":"ui"},"message":"Web / API server started at http://localhost:4000\n"}}
[info] i  functions: Watching "/mnt/c/Users/NaguiHW/Desktop/myProjects/frontend/amazon-clone/functions" for Cloud Functions... {"metadata":{"emulator":{"name":"functions"},"message":"Watching \"/mnt/c/Users/NaguiHW/Desktop/myProjects/frontend/amazon-clone/functions\" for Cloud Functions..."}}
[debug] [2020-10-24T02:49:42.705Z] [worker-pool] addWorker(~diagnostic~) {"metadata":{"emulator":{"name":"functions"},"message":"[worker-pool] addWorker(~diagnostic~)"}}
[debug] [2020-10-24T02:49:42.706Z] [worker-pool] Adding worker with key ~diagnostic~, total=1 {"metadata":{"emulator":{"name":"functions"},"message":"[worker-pool] Adding worker with key ~diagnostic~, total=1"}}
[debug] [2020-10-24T02:49:42.706Z] [worker-pool] submitWork(triggerId=) {"metadata":{"emulator":{"name":"functions"},"message":"[worker-pool] submitWork(triggerId=)"}}
[debug] [2020-10-24T02:49:42.706Z] [worker-~diagnostic~-052098f0-196b-4f79-a436-6d71ddade6c4]: Assigning socketPath: /tmp/fire_emu_4388.sock {"metadata":{"emulator":{"name":"functions"},"message":"[worker-~diagnostic~-052098f0-196b-4f79-a436-6d71ddade6c4]: Assigning socketPath: /tmp/fire_emu_4388.sock"}}
[debug] [2020-10-24T02:49:42.706Z] [worker-~diagnostic~-052098f0-196b-4f79-a436-6d71ddade6c4]: BUSY {"metadata":{"emulator":{"name":"functions"},"message":"[worker-~diagnostic~-052098f0-196b-4f79-a436-6d71ddade6c4]: BUSY"}}
[debug] [2020-10-24T02:49:43.188Z] [runtime-status] [4388] Functions runtime initialized. {"cwd":"/mnt/c/Users/NaguiHW/Desktop/myProjects/frontend/amazon-clone/functions","node_version":"12.18.2"} {"metadata":{"emulator":{"name":"functions"},"message":"[runtime-status] [4388] Functions runtime initialized. {\"cwd\":\"/mnt/c/Users/NaguiHW/Desktop/myProjects/frontend/amazon-clone/functions\",\"node_version\":\"12.18.2\"}"}}
[debug] [2020-10-24T02:49:43.189Z] [runtime-status] [4388] Disabled runtime features: undefined {"metadata":{"emulator":{"name":"functions"},"message":"[runtime-status] [4388] Disabled runtime features: undefined"}}
[debug] [2020-10-24T02:49:43.194Z] [runtime-status] [4388] Resolved module firebase-admin {"declared":true,"installed":true,"version":"9.3.0","resolution":"/mnt/c/Users/NaguiHW/Desktop/myProjects/frontend/amazon-clone/functions/node_modules/firebase-admin/lib/index.js"} {"metadata":{"emulator":{"name":"functions"},"message":"[runtime-status] [4388] Resolved module firebase-admin {\"declared\":true,\"installed\":true,\"version\":\"9.3.0\",\"resolution\":\"/mnt/c/Users/NaguiHW/Desktop/myProjects/frontend/amazon-clone/functions/node_modules/firebase-admin/lib/index.js\"}"}}
[debug] [2020-10-24T02:49:43.198Z] [runtime-status] [4388] Resolved module firebase-functions {"declared":true,"installed":true,"version":"3.11.0","resolution":"/mnt/c/Users/NaguiHW/Desktop/myProjects/frontend/amazon-clone/functions/node_modules/firebase-functions/lib/index.js"} {"metadata":{"emulator":{"name":"functions"},"message":"[runtime-status] [4388] Resolved module firebase-functions {\"declared\":true,\"installed\":true,\"version\":\"3.11.0\",\"resolution\":\"/mnt/c/Users/NaguiHW/Desktop/myProjects/frontend/amazon-clone/functions/node_modules/firebase-functions/lib/index.js\"}"}}
[debug] [2020-10-24T02:49:43.199Z] [runtime-status] [4388] Resolved module firebase-functions {"declared":true,"installed":true,"version":"3.11.0","resolution":"/mnt/c/Users/NaguiHW/Desktop/myProjects/frontend/amazon-clone/functions/node_modules/firebase-functions/lib/index.js"} {"metadata":{"emulator":{"name":"functions"},"message":"[runtime-status] [4388] Resolved module firebase-functions {\"declared\":true,\"installed\":true,\"version\":\"3.11.0\",\"resolution\":\"/mnt/c/Users/NaguiHW/Desktop/myProjects/frontend/amazon-clone/functions/node_modules/firebase-functions/lib/index.js\"}"}}
[debug] [2020-10-24T02:49:43.200Z] [runtime-status] [4388] Outgoing network have been stubbed. [{"name":"http","status":"mocked"},{"name":"http","status":"mocked"},{"name":"https","status":"mocked"},{"name":"https","status":"mocked"},{"name":"net","status":"mocked"}] {"metadata":{"emulator":{"name":"functions"},"message":"[runtime-status] [4388] Outgoing network have been stubbed. [{\"name\":\"http\",\"status\":\"mocked\"},{\"name\":\"http\",\"status\":\"mocked\"},{\"name\":\"https\",\"status\":\"mocked\"},{\"name\":\"https\",\"status\":\"mocked\"},{\"name\":\"net\",\"status\":\"mocked\"}]"}}
[debug] [2020-10-24T02:49:43.201Z] [runtime-status] [4388] Resolved module firebase-functions {"declared":true,"installed":true,"version":"3.11.0","resolution":"/mnt/c/Users/NaguiHW/Desktop/myProjects/frontend/amazon-clone/functions/node_modules/firebase-functions/lib/index.js"} {"metadata":{"emulator":{"name":"functions"},"message":"[runtime-status] [4388] Resolved module firebase-functions {\"declared\":true,\"installed\":true,\"version\":\"3.11.0\",\"resolution\":\"/mnt/c/Users/NaguiHW/Desktop/myProjects/frontend/amazon-clone/functions/node_modules/firebase-functions/lib/index.js\"}"}}
[debug] [2020-10-24T02:49:43.305Z] [runtime-status] [4388] Checked functions.config() {"config":{}} {"metadata":{"emulator":{"name":"functions"},"message":"[runtime-status] [4388] Checked functions.config() {\"config\":{}}"}}
[debug] [2020-10-24T02:49:43.305Z] [runtime-status] [4388] firebase-functions has been stubbed. {"functionsResolution":{"declared":true,"installed":true,"version":"3.11.0","resolution":"/mnt/c/Users/NaguiHW/Desktop/myProjects/frontend/amazon-clone/functions/node_modules/firebase-functions/lib/index.js"}} {"metadata":{"emulator":{"name":"functions"},"message":"[runtime-status] [4388] firebase-functions has been stubbed. {\"functionsResolution\":{\"declared\":true,\"installed\":true,\"version\":\"3.11.0\",\"resolution\":\"/mnt/c/Users/NaguiHW/Desktop/myProjects/frontend/amazon-clone/functions/node_modules/firebase-functions/lib/index.js\"}}"}}
[debug] [2020-10-24T02:49:43.306Z] [runtime-status] [4388] Resolved module firebase-functions {"declared":true,"installed":true,"version":"3.11.0","resolution":"/mnt/c/Users/NaguiHW/Desktop/myProjects/frontend/amazon-clone/functions/node_modules/firebase-functions/lib/index.js"} {"metadata":{"emulator":{"name":"functions"},"message":"[runtime-status] [4388] Resolved module firebase-functions {\"declared\":true,\"installed\":true,\"version\":\"3.11.0\",\"resolution\":\"/mnt/c/Users/NaguiHW/Desktop/myProjects/frontend/amazon-clone/functions/node_modules/firebase-functions/lib/index.js\"}"}}
[debug] [2020-10-24T02:49:43.308Z] [runtime-status] [4388] Resolved module firebase-admin {"declared":true,"installed":true,"version":"9.3.0","resolution":"/mnt/c/Users/NaguiHW/Desktop/myProjects/frontend/amazon-clone/functions/node_modules/firebase-admin/lib/index.js"} {"metadata":{"emulator":{"name":"functions"},"message":"[runtime-status] [4388] Resolved module firebase-admin {\"declared\":true,\"installed\":true,\"version\":\"9.3.0\",\"resolution\":\"/mnt/c/Users/NaguiHW/Desktop/myProjects/frontend/amazon-clone/functions/node_modules/firebase-admin/lib/index.js\"}"}}
[debug] [2020-10-24T02:49:43.309Z] [runtime-status] [4388] Resolved module firebase-functions {"declared":true,"installed":true,"version":"3.11.0","resolution":"/mnt/c/Users/NaguiHW/Desktop/myProjects/frontend/amazon-clone/functions/node_modules/firebase-functions/lib/index.js"} {"metadata":{"emulator":{"name":"functions"},"message":"[runtime-status] [4388] Resolved module firebase-functions {\"declared\":true,\"installed\":true,\"version\":\"3.11.0\",\"resolution\":\"/mnt/c/Users/NaguiHW/Desktop/myProjects/frontend/amazon-clone/functions/node_modules/firebase-functions/lib/index.js\"}"}}
[debug] [2020-10-24T02:49:43.310Z] [runtime-status] [4388] firebase-admin has been stubbed. {"adminResolution":{"declared":true,"installed":true,"version":"9.3.0","resolution":"/mnt/c/Users/NaguiHW/Desktop/myProjects/frontend/amazon-clone/functions/node_modules/firebase-admin/lib/index.js"}} {"metadata":{"emulator":{"name":"functions"},"message":"[runtime-status] [4388] firebase-admin has been stubbed. {\"adminResolution\":{\"declared\":true,\"installed\":true,\"version\":\"9.3.0\",\"resolution\":\"/mnt/c/Users/NaguiHW/Desktop/myProjects/frontend/amazon-clone/functions/node_modules/firebase-admin/lib/index.js\"}}"}}
[debug] [2020-10-24T02:49:43.830Z] [worker-~diagnostic~-052098f0-196b-4f79-a436-6d71ddade6c4]: IDLE {"metadata":{"emulator":{"name":"functions"},"message":"[worker-~diagnostic~-052098f0-196b-4f79-a436-6d71ddade6c4]: IDLE"}}
[info] ✔  functions[api]: http function initialized (http://localhost:5001/clone-b5e54/us-central1/api). {"metadata":{"emulator":{"name":"functions"},"message":"\u001b[1mhttp\u001b[22m function initialized (http://localhost:5001/clone-b5e54/us-central1/api)."}}
[info] 
┌───────────────────────────────────────────────────────────────────────┐
│ ✔  All emulators ready! View status and logs at http://localhost:4000 │
└───────────────────────────────────────────────────────────────────────┘

┌───────────┬────────────────┬─────────────────────────────────┐
│ Emulator  │ Host:Port      │ View in Emulator UI             │
├───────────┼────────────────┼─────────────────────────────────┤
│ Functions │ localhost:5001 │ http://localhost:4000/functions │
├───────────┼────────────────┼─────────────────────────────────┤
│ Hosting   │ localhost:5000 │ n/a                             │
└───────────┴────────────────┴─────────────────────────────────┘
  Other reserved ports: 4400, 4500

Issues? Report them at https://github.com/firebase/firebase-tools/issues and attach the *-debug.log files.
 
[debug] [2020-10-24T02:51:30.143Z] [work-queue] {"queueLength":1,"workRunningCount":0}
[debug] [2020-10-24T02:51:30.143Z] [work-queue] {"queueLength":0,"workRunningCount":1}
[debug] [2020-10-24T02:51:30.144Z] Accepted request POST /clone-b5e54/us-central1/api/payments/create?total=3597 --> api
[debug] [2020-10-24T02:51:30.167Z] [worker-pool] addWorker(api) {"metadata":{"emulator":{"name":"functions"},"message":"[worker-pool] addWorker(api)"}}
[debug] [2020-10-24T02:51:30.167Z] [worker-pool] Adding worker with key api, total=1 {"metadata":{"emulator":{"name":"functions"},"message":"[worker-pool] Adding worker with key api, total=1"}}
[debug] [2020-10-24T02:51:30.167Z] [worker-pool] submitWork(triggerId=api) {"metadata":{"emulator":{"name":"functions"},"message":"[worker-pool] submitWork(triggerId=api)"}}
[debug] [2020-10-24T02:51:30.168Z] [worker-api-970c68b6-3ded-42a8-8792-2e757ecc9334]: Assigning socketPath: /tmp/fire_emu_4577.sock {"metadata":{"emulator":{"name":"functions"},"message":"[worker-api-970c68b6-3ded-42a8-8792-2e757ecc9334]: Assigning socketPath: /tmp/fire_emu_4577.sock"}}
[debug] [2020-10-24T02:51:30.168Z] [worker-api-970c68b6-3ded-42a8-8792-2e757ecc9334]: BUSY {"metadata":{"emulator":{"name":"functions"},"message":"[worker-api-970c68b6-3ded-42a8-8792-2e757ecc9334]: BUSY"}}
[debug] [2020-10-24T02:51:30.975Z] [runtime-status] [4577] Functions runtime initialized. {"cwd":"/mnt/c/Users/NaguiHW/Desktop/myProjects/frontend/amazon-clone/functions","node_version":"12.18.2"} {"metadata":{"emulator":{"name":"functions"},"function":{"name":"api"},"message":"[runtime-status] [4577] Functions runtime initialized. {\"cwd\":\"/mnt/c/Users/NaguiHW/Desktop/myProjects/frontend/amazon-clone/functions\",\"node_version\":\"12.18.2\"}"}}
[debug] [2020-10-24T02:51:30.978Z] [runtime-status] [4577] Disabled runtime features: undefined {"metadata":{"emulator":{"name":"functions"},"function":{"name":"api"},"message":"[runtime-status] [4577] Disabled runtime features: undefined"}}
[debug] [2020-10-24T02:51:30.983Z] [runtime-status] [4577] Resolved module firebase-admin {"declared":true,"installed":true,"version":"9.3.0","resolution":"/mnt/c/Users/NaguiHW/Desktop/myProjects/frontend/amazon-clone/functions/node_modules/firebase-admin/lib/index.js"} {"metadata":{"emulator":{"name":"functions"},"function":{"name":"api"},"message":"[runtime-status] [4577] Resolved module firebase-admin {\"declared\":true,\"installed\":true,\"version\":\"9.3.0\",\"resolution\":\"/mnt/c/Users/NaguiHW/Desktop/myProjects/frontend/amazon-clone/functions/node_modules/firebase-admin/lib/index.js\"}"}}
[debug] [2020-10-24T02:51:30.985Z] [runtime-status] [4577] Resolved module firebase-functions {"declared":true,"installed":true,"version":"3.11.0","resolution":"/mnt/c/Users/NaguiHW/Desktop/myProjects/frontend/amazon-clone/functions/node_modules/firebase-functions/lib/index.js"} {"metadata":{"emulator":{"name":"functions"},"function":{"name":"api"},"message":"[runtime-status] [4577] Resolved module firebase-functions {\"declared\":true,\"installed\":true,\"version\":\"3.11.0\",\"resolution\":\"/mnt/c/Users/NaguiHW/Desktop/myProjects/frontend/amazon-clone/functions/node_modules/firebase-functions/lib/index.js\"}"}}
[debug] [2020-10-24T02:51:30.986Z] [runtime-status] [4577] Resolved module firebase-functions {"declared":true,"installed":true,"version":"3.11.0","resolution":"/mnt/c/Users/NaguiHW/Desktop/myProjects/frontend/amazon-clone/functions/node_modules/firebase-functions/lib/index.js"} {"metadata":{"emulator":{"name":"functions"},"function":{"name":"api"},"message":"[runtime-status] [4577] Resolved module firebase-functions {\"declared\":true,\"installed\":true,\"version\":\"3.11.0\",\"resolution\":\"/mnt/c/Users/NaguiHW/Desktop/myProjects/frontend/amazon-clone/functions/node_modules/firebase-functions/lib/index.js\"}"}}
[debug] [2020-10-24T02:51:30.988Z] [runtime-status] [4577] Outgoing network have been stubbed. [{"name":"http","status":"mocked"},{"name":"http","status":"mocked"},{"name":"https","status":"mocked"},{"name":"https","status":"mocked"},{"name":"net","status":"mocked"}] {"metadata":{"emulator":{"name":"functions"},"function":{"name":"api"},"message":"[runtime-status] [4577] Outgoing network have been stubbed. [{\"name\":\"http\",\"status\":\"mocked\"},{\"name\":\"http\",\"status\":\"mocked\"},{\"name\":\"https\",\"status\":\"mocked\"},{\"name\":\"https\",\"status\":\"mocked\"},{\"name\":\"net\",\"status\":\"mocked\"}]"}}
[debug] [2020-10-24T02:51:30.989Z] [runtime-status] [4577] Resolved module firebase-functions {"declared":true,"installed":true,"version":"3.11.0","resolution":"/mnt/c/Users/NaguiHW/Desktop/myProjects/frontend/amazon-clone/functions/node_modules/firebase-functions/lib/index.js"} {"metadata":{"emulator":{"name":"functions"},"function":{"name":"api"},"message":"[runtime-status] [4577] Resolved module firebase-functions {\"declared\":true,\"installed\":true,\"version\":\"3.11.0\",\"resolution\":\"/mnt/c/Users/NaguiHW/Desktop/myProjects/frontend/amazon-clone/functions/node_modules/firebase-functions/lib/index.js\"}"}}
[debug] [2020-10-24T02:51:31.085Z] [runtime-status] [4577] Checked functions.config() {"config":{}} {"metadata":{"emulator":{"name":"functions"},"function":{"name":"api"},"message":"[runtime-status] [4577] Checked functions.config() {\"config\":{}}"}}
[debug] [2020-10-24T02:51:31.085Z] [runtime-status] [4577] firebase-functions has been stubbed. {"functionsResolution":{"declared":true,"installed":true,"version":"3.11.0","resolution":"/mnt/c/Users/NaguiHW/Desktop/myProjects/frontend/amazon-clone/functions/node_modules/firebase-functions/lib/index.js"}} {"metadata":{"emulator":{"name":"functions"},"function":{"name":"api"},"message":"[runtime-status] [4577] firebase-functions has been stubbed. {\"functionsResolution\":{\"declared\":true,\"installed\":true,\"version\":\"3.11.0\",\"resolution\":\"/mnt/c/Users/NaguiHW/Desktop/myProjects/frontend/amazon-clone/functions/node_modules/firebase-functions/lib/index.js\"}}"}}
[debug] [2020-10-24T02:51:31.086Z] [runtime-status] [4577] Resolved module firebase-functions {"declared":true,"installed":true,"version":"3.11.0","resolution":"/mnt/c/Users/NaguiHW/Desktop/myProjects/frontend/amazon-clone/functions/node_modules/firebase-functions/lib/index.js"} {"metadata":{"emulator":{"name":"functions"},"function":{"name":"api"},"message":"[runtime-status] [4577] Resolved module firebase-functions {\"declared\":true,\"installed\":true,\"version\":\"3.11.0\",\"resolution\":\"/mnt/c/Users/NaguiHW/Desktop/myProjects/frontend/amazon-clone/functions/node_modules/firebase-functions/lib/index.js\"}"}}
[debug] [2020-10-24T02:51:31.088Z] [runtime-status] [4577] Resolved module firebase-admin {"declared":true,"installed":true,"version":"9.3.0","resolution":"/mnt/c/Users/NaguiHW/Desktop/myProjects/frontend/amazon-clone/functions/node_modules/firebase-admin/lib/index.js"} {"metadata":{"emulator":{"name":"functions"},"function":{"name":"api"},"message":"[runtime-status] [4577] Resolved module firebase-admin {\"declared\":true,\"installed\":true,\"version\":\"9.3.0\",\"resolution\":\"/mnt/c/Users/NaguiHW/Desktop/myProjects/frontend/amazon-clone/functions/node_modules/firebase-admin/lib/index.js\"}"}}
[debug] [2020-10-24T02:51:31.089Z] [runtime-status] [4577] Resolved module firebase-functions {"declared":true,"installed":true,"version":"3.11.0","resolution":"/mnt/c/Users/NaguiHW/Desktop/myProjects/frontend/amazon-clone/functions/node_modules/firebase-functions/lib/index.js"} {"metadata":{"emulator":{"name":"functions"},"function":{"name":"api"},"message":"[runtime-status] [4577] Resolved module firebase-functions {\"declared\":true,\"installed\":true,\"version\":\"3.11.0\",\"resolution\":\"/mnt/c/Users/NaguiHW/Desktop/myProjects/frontend/amazon-clone/functions/node_modules/firebase-functions/lib/index.js\"}"}}
[debug] [2020-10-24T02:51:31.089Z] [runtime-status] [4577] firebase-admin has been stubbed. {"adminResolution":{"declared":true,"installed":true,"version":"9.3.0","resolution":"/mnt/c/Users/NaguiHW/Desktop/myProjects/frontend/amazon-clone/functions/node_modules/firebase-admin/lib/index.js"}} {"metadata":{"emulator":{"name":"functions"},"function":{"name":"api"},"message":"[runtime-status] [4577] firebase-admin has been stubbed. {\"adminResolution\":{\"declared\":true,\"installed\":true,\"version\":\"9.3.0\",\"resolution\":\"/mnt/c/Users/NaguiHW/Desktop/myProjects/frontend/amazon-clone/functions/node_modules/firebase-admin/lib/index.js\"}}"}}
[debug] [2020-10-24T02:51:31.419Z] [runtime-status] [4577] Trigger "api" has been found, beginning invocation! {"metadata":{"emulator":{"name":"functions"},"function":{"name":"api"},"message":"[runtime-status] [4577] Trigger \"api\" has been found, beginning invocation!"}}
[info] i  functions: Beginning execution of "api" {"metadata":{"emulator":{"name":"functions"},"function":{"name":"api"},"message":"Beginning execution of \"api\""}}
[debug] [2020-10-24T02:51:31.420Z] [runtime-status] [4577] triggerDefinition {"httpsTrigger":{},"name":"api","entryPoint":"api"} {"metadata":{"emulator":{"name":"functions"},"function":{"name":"api"},"message":"[runtime-status] [4577] triggerDefinition {\"httpsTrigger\":{},\"name\":\"api\",\"entryPoint\":\"api\"}"}}
[debug] [2020-10-24T02:51:31.421Z] [runtime-status] [4577] Running api in mode HTTPS {"metadata":{"emulator":{"name":"functions"},"function":{"name":"api"},"message":"[runtime-status] [4577] Running api in mode HTTPS"}}
[debug] [2020-10-24T02:51:31.425Z] [runtime-status] [4577] Attempting to listen to socketPath: /tmp/fire_emu_4577.sock {"metadata":{"emulator":{"name":"functions"},"function":{"name":"api"},"message":"[runtime-status] [4577] Attempting to listen to socketPath: /tmp/fire_emu_4577.sock"}}
[debug] [2020-10-24T02:51:31.430Z] [functions] Runtime ready! Sending request! {"metadata":{"emulator":{"name":"functions"},"message":"[functions] Runtime ready! Sending request!"}}
[debug] [2020-10-24T02:51:31.443Z] [runtime-status] [4577] Ephemeral server handling POST request {"metadata":{"emulator":{"name":"functions"},"function":{"name":"api"},"message":"[runtime-status] [4577] Ephemeral server handling POST request"}}
[debug] [2020-10-24T02:51:31.480Z] [runtime-status] [4577] Ephemeral server survived. {"metadata":{"emulator":{"name":"functions"},"function":{"name":"api"},"message":"[runtime-status] [4577] Ephemeral server survived."}}
[info] i  functions: Finished "api" in ~1s {"metadata":{"emulator":{"name":"functions"},"function":{"name":"api"},"message":"Finished \"api\" in ~1s"}}
[debug] [2020-10-24T02:51:32.308Z] [worker-api-970c68b6-3ded-42a8-8792-2e757ecc9334]: IDLE {"metadata":{"emulator":{"name":"functions"},"message":"[worker-api-970c68b6-3ded-42a8-8792-2e757ecc9334]: IDLE"}}
[debug] [2020-10-24T02:51:32.308Z] [work-queue] {"queueLength":0,"workRunningCount":0}
